<?xml version="1.0" encoding="UTF-8"?>
<coverage generated="1575881621772" clover="3.2.0">
  <project timestamp="1575881621772" name="All files">
    <metrics statements="207" coveredstatements="102" conditionals="116" coveredconditionals="64" methods="25" coveredmethods="16" elements="348" coveredelements="182" complexity="0" loc="207" ncloc="207" packages="1" files="3" classes="3"/>
    <file name="datamanage.js" path="/Users/yanqiong/Documents/Github/tqsdk-js/src/datamanage.js">
      <metrics statements="72" coveredstatements="60" conditionals="76" coveredconditionals="54" methods="8" coveredmethods="8"/>
      <line num="8" count="1" type="stmt"/>
      <line num="9" count="1" type="stmt"/>
      <line num="10" count="1" type="stmt"/>
      <line num="11" count="1" type="stmt"/>
      <line num="15" count="4" type="cond" truecount="1" falsecount="1"/>
      <line num="16" count="4" type="cond" truecount="1" falsecount="1"/>
      <line num="18" count="4" type="stmt"/>
      <line num="19" count="4" type="stmt"/>
      <line num="21" count="4" type="stmt"/>
      <line num="23" count="4" type="cond" truecount="3" falsecount="1"/>
      <line num="24" count="4" type="stmt"/>
      <line num="26" count="4" type="cond" truecount="3" falsecount="1"/>
      <line num="27" count="4" type="stmt"/>
      <line num="37" count="3" type="cond" truecount="1" falsecount="1"/>
      <line num="38" count="3" type="stmt"/>
      <line num="39" count="3" type="stmt"/>
      <line num="40" count="5" type="stmt"/>
      <line num="41" count="5" type="cond" truecount="4" falsecount="0"/>
      <line num="42" count="3" type="cond" truecount="1" falsecount="1"/>
      <line num="44" count="1" type="stmt"/>
      <line num="45" count="0" type="cond" truecount="0" falsecount="4"/>
      <line num="46" count="0" type="stmt"/>
      <line num="48" count="0" type="stmt"/>
      <line num="52" count="1" type="stmt"/>
      <line num="56" count="9" type="stmt"/>
      <line num="60" count="1" type="stmt"/>
      <line num="61" count="3" type="stmt"/>
      <line num="62" count="3" type="stmt"/>
      <line num="63" count="7" type="cond" truecount="3" falsecount="1"/>
      <line num="64" count="0" type="stmt"/>
      <line num="65" count="0" type="stmt"/>
      <line num="67" count="7" type="stmt"/>
      <line num="68" count="7" type="cond" truecount="2" falsecount="0"/>
      <line num="69" count="3" type="cond" truecount="2" falsecount="0"/>
      <line num="71" count="7" type="cond" truecount="2" falsecount="0"/>
      <line num="72" count="3" type="stmt"/>
      <line num="74" count="4" type="stmt"/>
      <line num="77" count="0" type="stmt"/>
      <line num="80" count="1" type="stmt"/>
      <line num="81" count="17" type="stmt"/>
      <line num="82" count="17" type="stmt"/>
      <line num="83" count="51" type="stmt"/>
      <line num="84" count="51" type="cond" truecount="4" falsecount="0"/>
      <line num="86" count="12" type="stmt"/>
      <line num="89" count="1" type="cond" truecount="2" falsecount="0"/>
      <line num="90" count="29" type="stmt"/>
      <line num="91" count="1041" type="stmt"/>
      <line num="92" count="1041" type="stmt"/>
      <line num="98" count="1041" type="cond" truecount="2" falsecount="0"/>
      <line num="99" count="1027" type="cond" truecount="1" falsecount="1"/>
      <line num="100" count="14" type="cond" truecount="4" falsecount="0"/>
      <line num="101" count="1" type="stmt"/>
      <line num="102" count="13" type="cond" truecount="1" falsecount="1"/>
      <line num="103" count="0" type="stmt"/>
      <line num="104" count="0" type="cond" truecount="0" falsecount="2"/>
      <line num="105" count="0" type="stmt"/>
      <line num="111" count="0" type="stmt"/>
      <line num="112" count="13" type="cond" truecount="1" falsecount="1"/>
      <line num="114" count="13" type="cond" truecount="4" falsecount="0"/>
      <line num="116" count="13" type="cond" truecount="2" falsecount="0"/>
      <line num="117" count="7" type="stmt"/>
      <line num="118" count="14" type="stmt"/>
      <line num="119" count="14" type="cond" truecount="1" falsecount="1"/>
      <line num="121" count="0" type="cond" truecount="0" falsecount="4"/>
      <line num="122" count="0" type="stmt"/>
      <line num="123" count="14" type="cond" truecount="2" falsecount="0"/>
      <line num="124" count="11" type="stmt"/>
      <line num="126" count="14" type="stmt"/>
      <line num="129" count="6" type="stmt"/>
      <line num="134" count="29" type="cond" truecount="2" falsecount="0"/>
      <line num="135" count="24" type="stmt"/>
      <line num="141" count="29" type="stmt"/>
    </file>
    <file name="datastructure.js" path="/Users/yanqiong/Documents/Github/tqsdk-js/src/datastructure.js">
      <metrics statements="56" coveredstatements="31" conditionals="5" coveredconditionals="3" methods="8" coveredmethods="4"/>
      <line num="4" count="11" type="stmt"/>
      <line num="5" count="11" type="stmt"/>
      <line num="6" count="11" type="stmt"/>
      <line num="7" count="11" type="stmt"/>
      <line num="8" count="11" type="stmt"/>
      <line num="9" count="11" type="stmt"/>
      <line num="10" count="11" type="stmt"/>
      <line num="11" count="11" type="stmt"/>
      <line num="12" count="11" type="stmt"/>
      <line num="13" count="11" type="stmt"/>
      <line num="14" count="11" type="stmt"/>
      <line num="15" count="11" type="stmt"/>
      <line num="16" count="11" type="stmt"/>
      <line num="17" count="11" type="stmt"/>
      <line num="18" count="11" type="stmt"/>
      <line num="19" count="11" type="stmt"/>
      <line num="20" count="11" type="stmt"/>
      <line num="21" count="11" type="stmt"/>
      <line num="22" count="11" type="stmt"/>
      <line num="23" count="11" type="stmt"/>
      <line num="24" count="11" type="stmt"/>
      <line num="25" count="11" type="stmt"/>
      <line num="26" count="11" type="stmt"/>
      <line num="27" count="11" type="stmt"/>
      <line num="28" count="11" type="stmt"/>
      <line num="29" count="11" type="stmt"/>
      <line num="30" count="11" type="stmt"/>
      <line num="57" count="14" type="stmt"/>
      <line num="58" count="14" type="stmt"/>
      <line num="62" count="5" type="stmt"/>
      <line num="66" count="0" type="stmt"/>
      <line num="67" count="0" type="stmt"/>
      <line num="71" count="0" type="stmt"/>
      <line num="75" count="14" type="cond" truecount="3" falsecount="2"/>
      <line num="76" count="0" type="stmt"/>
      <line num="77" count="0" type="stmt"/>
      <line num="84" count="0" type="stmt"/>
      <line num="85" count="0" type="stmt"/>
      <line num="86" count="0" type="stmt"/>
      <line num="87" count="0" type="stmt"/>
      <line num="88" count="0" type="stmt"/>
      <line num="89" count="0" type="stmt"/>
      <line num="90" count="0" type="stmt"/>
      <line num="91" count="0" type="stmt"/>
      <line num="97" count="0" type="stmt"/>
      <line num="98" count="0" type="stmt"/>
      <line num="99" count="0" type="stmt"/>
      <line num="100" count="0" type="stmt"/>
      <line num="101" count="0" type="stmt"/>
      <line num="102" count="0" type="stmt"/>
      <line num="103" count="0" type="stmt"/>
      <line num="104" count="0" type="stmt"/>
      <line num="105" count="0" type="stmt"/>
      <line num="106" count="0" type="stmt"/>
      <line num="107" count="0" type="stmt"/>
      <line num="108" count="0" type="stmt"/>
    </file>
    <file name="utils.js" path="/Users/yanqiong/Documents/Github/tqsdk-js/src/utils.js">
      <metrics statements="79" coveredstatements="11" conditionals="35" coveredconditionals="7" methods="9" coveredmethods="4"/>
      <line num="1" count="2" type="cond" truecount="1" falsecount="0"/>
      <line num="2" count="3" type="cond" truecount="2" falsecount="0"/>
      <line num="3" count="8" type="stmt"/>
      <line num="6" count="2" type="stmt"/>
      <line num="7" count="12" type="cond" truecount="3" falsecount="0"/>
      <line num="10" count="2" type="cond" truecount="1" falsecount="0"/>
      <line num="11" count="3" type="stmt"/>
      <line num="12" count="3" type="stmt"/>
      <line num="13" count="30" type="stmt"/>
      <line num="14" count="3" type="stmt"/>
      <line num="19" count="0" type="stmt"/>
      <line num="20" count="0" type="stmt"/>
      <line num="21" count="0" type="stmt"/>
      <line num="22" count="0" type="stmt"/>
      <line num="24" count="0" type="stmt"/>
      <line num="29" count="0" type="stmt"/>
      <line num="30" count="0" type="stmt"/>
      <line num="31" count="0" type="stmt"/>
      <line num="33" count="0" type="stmt"/>
      <line num="38" count="0" type="stmt"/>
      <line num="44" count="0" type="cond" truecount="0" falsecount="3"/>
      <line num="46" count="0" type="cond" truecount="0" falsecount="2"/>
      <line num="47" count="0" type="stmt"/>
      <line num="49" count="0" type="stmt"/>
      <line num="51" count="0" type="stmt"/>
      <line num="53" count="0" type="cond" truecount="0" falsecount="2"/>
      <line num="54" count="0" type="stmt"/>
      <line num="56" count="0" type="stmt"/>
      <line num="57" count="0" type="stmt"/>
      <line num="59" count="0" type="stmt"/>
      <line num="61" count="0" type="cond" truecount="0" falsecount="2"/>
      <line num="62" count="0" type="stmt"/>
      <line num="63" count="0" type="stmt"/>
      <line num="65" count="0" type="stmt"/>
      <line num="67" count="0" type="stmt"/>
      <line num="70" count="2" type="cond" truecount="0" falsecount="1"/>
      <line num="71" count="0" type="cond" truecount="0" falsecount="2"/>
      <line num="72" count="0" type="stmt"/>
      <line num="73" count="0" type="stmt"/>
      <line num="74" count="0" type="stmt"/>
      <line num="75" count="0" type="stmt"/>
      <line num="78" count="0" type="stmt"/>
      <line num="86" count="0" type="stmt"/>
      <line num="87" count="0" type="stmt"/>
      <line num="88" count="0" type="stmt"/>
      <line num="90" count="0" type="stmt"/>
      <line num="91" count="0" type="stmt"/>
      <line num="92" count="0" type="stmt"/>
      <line num="93" count="0" type="stmt"/>
      <line num="96" count="0" type="stmt"/>
      <line num="97" count="0" type="stmt"/>
      <line num="98" count="0" type="cond" truecount="0" falsecount="2"/>
      <line num="99" count="0" type="stmt"/>
      <line num="100" count="0" type="stmt"/>
      <line num="101" count="0" type="stmt"/>
      <line num="102" count="0" type="cond" truecount="0" falsecount="2"/>
      <line num="103" count="0" type="stmt"/>
      <line num="104" count="0" type="stmt"/>
      <line num="105" count="0" type="stmt"/>
      <line num="106" count="0" type="stmt"/>
      <line num="109" count="0" type="cond" truecount="0" falsecount="2"/>
      <line num="110" count="0" type="cond" truecount="0" falsecount="4"/>
      <line num="111" count="0" type="stmt"/>
      <line num="112" count="0" type="stmt"/>
      <line num="115" count="0" type="stmt"/>
      <line num="117" count="0" type="stmt"/>
      <line num="118" count="0" type="stmt"/>
      <line num="119" count="0" type="stmt"/>
      <line num="120" count="0" type="stmt"/>
      <line num="123" count="0" type="cond" truecount="0" falsecount="2"/>
      <line num="124" count="0" type="cond" truecount="0" falsecount="2"/>
      <line num="125" count="0" type="stmt"/>
      <line num="126" count="0" type="stmt"/>
      <line num="128" count="0" type="stmt"/>
      <line num="129" count="0" type="stmt"/>
      <line num="130" count="0" type="stmt"/>
      <line num="131" count="0" type="cond" truecount="0" falsecount="2"/>
      <line num="132" count="0" type="stmt"/>
      <line num="137" count="0" type="stmt"/>
    </file>
  </project>
</coverage>
