{"C:\\Users\\Administrator\\Documents\\github\\tqsdk-js\\src\\datamanage.js": {"path":"C:\\Users\\Administrator\\Documents\\github\\tqsdk-js\\src\\datamanage.js","statementMap":{"0":{"start":{"line":8,"column":4},"end":{"line":8,"column":11}},"1":{"start":{"line":9,"column":4},"end":{"line":9,"column":19}},"2":{"start":{"line":10,"column":4},"end":{"line":10,"column":21}},"3":{"start":{"line":11,"column":4},"end":{"line":11,"column":20}},"4":{"start":{"line":15,"column":22},"end":{"line":15,"column":63}},"5":{"start":{"line":16,"column":4},"end":{"line":20,"column":5}},"6":{"start":{"line":18,"column":6},"end":{"line":18,"column":22}},"7":{"start":{"line":19,"column":6},"end":{"line":19,"column":29}},"8":{"start":{"line":21,"column":4},"end":{"line":25,"column":5}},"9":{"start":{"line":23,"column":6},"end":{"line":23,"column":56}},"10":{"start":{"line":23,"column":48},"end":{"line":23,"column":56}},"11":{"start":{"line":24,"column":6},"end":{"line":24,"column":75}},"12":{"start":{"line":26,"column":4},"end":{"line":28,"column":5}},"13":{"start":{"line":27,"column":6},"end":{"line":27,"column":29}},"14":{"start":{"line":37,"column":4},"end":{"line":47,"column":5}},"15":{"start":{"line":38,"column":14},"end":{"line":38,"column":24}},"16":{"start":{"line":39,"column":6},"end":{"line":43,"column":7}},"17":{"start":{"line":39,"column":19},"end":{"line":39,"column":20}},"18":{"start":{"line":40,"column":8},"end":{"line":40,"column":27}},"19":{"start":{"line":41,"column":8},"end":{"line":41,"column":61}},"20":{"start":{"line":41,"column":50},"end":{"line":41,"column":61}},"21":{"start":{"line":42,"column":8},"end":{"line":42,"column":41}},"22":{"start":{"line":42,"column":29},"end":{"line":42,"column":41}},"23":{"start":{"line":44,"column":6},"end":{"line":44,"column":18}},"24":{"start":{"line":45,"column":11},"end":{"line":47,"column":5}},"25":{"start":{"line":46,"column":6},"end":{"line":46,"column":45}},"26":{"start":{"line":48,"column":4},"end":{"line":48,"column":16}},"27":{"start":{"line":52,"column":4},"end":{"line":52,"column":64}},"28":{"start":{"line":56,"column":4},"end":{"line":56,"column":49}},"29":{"start":{"line":60,"column":0},"end":{"line":78,"column":1}},"30":{"start":{"line":61,"column":13},"end":{"line":61,"column":17}},"31":{"start":{"line":62,"column":2},"end":{"line":76,"column":3}},"32":{"start":{"line":62,"column":15},"end":{"line":62,"column":16}},"33":{"start":{"line":63,"column":4},"end":{"line":66,"column":5}},"34":{"start":{"line":64,"column":6},"end":{"line":64,"column":98}},"35":{"start":{"line":65,"column":6},"end":{"line":65,"column":11}},"36":{"start":{"line":67,"column":15},"end":{"line":67,"column":27}},"37":{"start":{"line":68,"column":4},"end":{"line":70,"column":5}},"38":{"start":{"line":69,"column":6},"end":{"line":69,"column":67}},"39":{"start":{"line":71,"column":4},"end":{"line":75,"column":5}},"40":{"start":{"line":72,"column":6},"end":{"line":72,"column":17}},"41":{"start":{"line":74,"column":6},"end":{"line":74,"column":23}},"42":{"start":{"line":77,"column":2},"end":{"line":77,"column":13}},"43":{"start":{"line":80,"column":0},"end":{"line":87,"column":1}},"44":{"start":{"line":81,"column":10},"end":{"line":81,"column":14}},"45":{"start":{"line":82,"column":2},"end":{"line":85,"column":3}},"46":{"start":{"line":82,"column":15},"end":{"line":82,"column":16}},"47":{"start":{"line":83,"column":4},"end":{"line":83,"column":23}},"48":{"start":{"line":84,"column":4},"end":{"line":84,"column":47}},"49":{"start":{"line":84,"column":39},"end":{"line":84,"column":47}},"50":{"start":{"line":86,"column":2},"end":{"line":86,"column":10}},"51":{"start":{"line":89,"column":0},"end":{"line":134,"column":1}},"52":{"start":{"line":90,"column":2},"end":{"line":124,"column":3}},"53":{"start":{"line":91,"column":18},"end":{"line":91,"column":34}},"54":{"start":{"line":92,"column":17},"end":{"line":92,"column":29}},"55":{"start":{"line":98,"column":4},"end":{"line":123,"column":5}},"56":{"start":{"line":99,"column":6},"end":{"line":99,"column":54}},"57":{"start":{"line":100,"column":11},"end":{"line":123,"column":5}},"58":{"start":{"line":101,"column":6},"end":{"line":101,"column":29}},"59":{"start":{"line":102,"column":11},"end":{"line":123,"column":5}},"60":{"start":{"line":103,"column":6},"end":{"line":103,"column":30}},"61":{"start":{"line":104,"column":11},"end":{"line":123,"column":5}},"62":{"start":{"line":106,"column":6},"end":{"line":106,"column":76}},"63":{"start":{"line":108,"column":6},"end":{"line":122,"column":7}},"64":{"start":{"line":109,"column":8},"end":{"line":119,"column":9}},"65":{"start":{"line":110,"column":24},"end":{"line":110,"column":37}},"66":{"start":{"line":111,"column":10},"end":{"line":117,"column":11}},"67":{"start":{"line":113,"column":12},"end":{"line":113,"column":72}},"68":{"start":{"line":113,"column":41},"end":{"line":113,"column":72}},"69":{"start":{"line":114,"column":12},"end":{"line":114,"column":20}},"70":{"start":{"line":115,"column":17},"end":{"line":117,"column":11}},"71":{"start":{"line":116,"column":12},"end":{"line":116,"column":50}},"72":{"start":{"line":118,"column":10},"end":{"line":118,"column":89}},"73":{"start":{"line":121,"column":8},"end":{"line":121,"column":79}},"74":{"start":{"line":126,"column":2},"end":{"line":132,"column":3}},"75":{"start":{"line":127,"column":4},"end":{"line":131,"column":6}},"76":{"start":{"line":133,"column":2},"end":{"line":133,"column":24}}},"fnMap":{"0":{"name":"(anonymous_0)","decl":{"start":{"line":7,"column":2},"end":{"line":7,"column":3}},"loc":{"start":{"line":7,"column":26},"end":{"line":12,"column":3}},"line":7},"1":{"name":"(anonymous_1)","decl":{"start":{"line":14,"column":2},"end":{"line":14,"column":3}},"loc":{"start":{"line":14,"column":65},"end":{"line":29,"column":3}},"line":14},"2":{"name":"(anonymous_2)","decl":{"start":{"line":35,"column":2},"end":{"line":35,"column":3}},"loc":{"start":{"line":35,"column":25},"end":{"line":49,"column":3}},"line":35},"3":{"name":"(anonymous_3)","decl":{"start":{"line":51,"column":2},"end":{"line":51,"column":3}},"loc":{"start":{"line":51,"column":63},"end":{"line":53,"column":3}},"line":51},"4":{"name":"(anonymous_4)","decl":{"start":{"line":55,"column":2},"end":{"line":55,"column":3}},"loc":{"start":{"line":55,"column":43},"end":{"line":57,"column":3}},"line":55},"5":{"name":"(anonymous_5)","decl":{"start":{"line":60,"column":25},"end":{"line":60,"column":26}},"loc":{"start":{"line":60,"column":60},"end":{"line":78,"column":1}},"line":60},"6":{"name":"(anonymous_6)","decl":{"start":{"line":80,"column":24},"end":{"line":80,"column":25}},"loc":{"start":{"line":80,"column":45},"end":{"line":87,"column":1}},"line":80},"7":{"name":"(anonymous_7)","decl":{"start":{"line":89,"column":26},"end":{"line":89,"column":27}},"loc":{"start":{"line":89,"column":80},"end":{"line":134,"column":1}},"line":89}},"branchMap":{"0":{"loc":{"start":{"line":7,"column":15},"end":{"line":7,"column":24}},"type":"default-arg","locations":[{"start":{"line":7,"column":22},"end":{"line":7,"column":24}}],"line":7},"1":{"loc":{"start":{"line":14,"column":21},"end":{"line":14,"column":41}},"type":"default-arg","locations":[{"start":{"line":14,"column":37},"end":{"line":14,"column":41}}],"line":14},"2":{"loc":{"start":{"line":14,"column":43},"end":{"line":14,"column":63}},"type":"default-arg","locations":[{"start":{"line":14,"column":59},"end":{"line":14,"column":63}}],"line":14},"3":{"loc":{"start":{"line":15,"column":22},"end":{"line":15,"column":63}},"type":"cond-expr","locations":[{"start":{"line":15,"column":46},"end":{"line":15,"column":52}},{"start":{"line":15,"column":55},"end":{"line":15,"column":63}}],"line":15},"4":{"loc":{"start":{"line":16,"column":4},"end":{"line":20,"column":5}},"type":"if","locations":[{"start":{"line":16,"column":4},"end":{"line":20,"column":5}},{"start":{"line":16,"column":4},"end":{"line":20,"column":5}}],"line":16},"5":{"loc":{"start":{"line":23,"column":6},"end":{"line":23,"column":56}},"type":"if","locations":[{"start":{"line":23,"column":6},"end":{"line":23,"column":56}},{"start":{"line":23,"column":6},"end":{"line":23,"column":56}}],"line":23},"6":{"loc":{"start":{"line":23,"column":10},"end":{"line":23,"column":46}},"type":"binary-expr","locations":[{"start":{"line":23,"column":10},"end":{"line":23,"column":23}},{"start":{"line":23,"column":27},"end":{"line":23,"column":46}}],"line":23},"7":{"loc":{"start":{"line":26,"column":4},"end":{"line":28,"column":5}},"type":"if","locations":[{"start":{"line":26,"column":4},"end":{"line":28,"column":5}},{"start":{"line":26,"column":4},"end":{"line":28,"column":5}}],"line":26},"8":{"loc":{"start":{"line":26,"column":8},"end":{"line":26,"column":58}},"type":"binary-expr","locations":[{"start":{"line":26,"column":8},"end":{"line":26,"column":21}},{"start":{"line":26,"column":25},"end":{"line":26,"column":58}}],"line":26},"9":{"loc":{"start":{"line":37,"column":4},"end":{"line":47,"column":5}},"type":"if","locations":[{"start":{"line":37,"column":4},"end":{"line":47,"column":5}},{"start":{"line":37,"column":4},"end":{"line":47,"column":5}}],"line":37},"10":{"loc":{"start":{"line":41,"column":8},"end":{"line":41,"column":61}},"type":"if","locations":[{"start":{"line":41,"column":8},"end":{"line":41,"column":61}},{"start":{"line":41,"column":8},"end":{"line":41,"column":61}}],"line":41},"11":{"loc":{"start":{"line":41,"column":12},"end":{"line":41,"column":48}},"type":"binary-expr","locations":[{"start":{"line":41,"column":12},"end":{"line":41,"column":20}},{"start":{"line":41,"column":24},"end":{"line":41,"column":48}}],"line":41},"12":{"loc":{"start":{"line":42,"column":8},"end":{"line":42,"column":41}},"type":"if","locations":[{"start":{"line":42,"column":8},"end":{"line":42,"column":41}},{"start":{"line":42,"column":8},"end":{"line":42,"column":41}}],"line":42},"13":{"loc":{"start":{"line":45,"column":11},"end":{"line":47,"column":5}},"type":"if","locations":[{"start":{"line":45,"column":11},"end":{"line":47,"column":5}},{"start":{"line":45,"column":11},"end":{"line":47,"column":5}}],"line":45},"14":{"loc":{"start":{"line":45,"column":15},"end":{"line":45,"column":44}},"type":"binary-expr","locations":[{"start":{"line":45,"column":15},"end":{"line":45,"column":24}},{"start":{"line":45,"column":28},"end":{"line":45,"column":44}}],"line":45},"15":{"loc":{"start":{"line":51,"column":25},"end":{"line":51,"column":42}},"type":"default-arg","locations":[{"start":{"line":51,"column":40},"end":{"line":51,"column":42}}],"line":51},"16":{"loc":{"start":{"line":51,"column":44},"end":{"line":51,"column":61}},"type":"default-arg","locations":[{"start":{"line":51,"column":51},"end":{"line":51,"column":61}}],"line":51},"17":{"loc":{"start":{"line":55,"column":24},"end":{"line":55,"column":41}},"type":"default-arg","locations":[{"start":{"line":55,"column":31},"end":{"line":55,"column":41}}],"line":55},"18":{"loc":{"start":{"line":63,"column":4},"end":{"line":66,"column":5}},"type":"if","locations":[{"start":{"line":63,"column":4},"end":{"line":66,"column":5}},{"start":{"line":63,"column":4},"end":{"line":66,"column":5}}],"line":63},"19":{"loc":{"start":{"line":63,"column":8},"end":{"line":63,"column":76}},"type":"binary-expr","locations":[{"start":{"line":63,"column":8},"end":{"line":63,"column":40}},{"start":{"line":63,"column":44},"end":{"line":63,"column":76}}],"line":63},"20":{"loc":{"start":{"line":68,"column":4},"end":{"line":70,"column":5}},"type":"if","locations":[{"start":{"line":68,"column":4},"end":{"line":70,"column":5}},{"start":{"line":68,"column":4},"end":{"line":70,"column":5}}],"line":68},"21":{"loc":{"start":{"line":69,"column":19},"end":{"line":69,"column":67}},"type":"cond-expr","locations":[{"start":{"line":69,"column":50},"end":{"line":69,"column":62}},{"start":{"line":69,"column":65},"end":{"line":69,"column":67}}],"line":69},"22":{"loc":{"start":{"line":71,"column":4},"end":{"line":75,"column":5}},"type":"if","locations":[{"start":{"line":71,"column":4},"end":{"line":75,"column":5}},{"start":{"line":71,"column":4},"end":{"line":75,"column":5}}],"line":71},"23":{"loc":{"start":{"line":84,"column":4},"end":{"line":84,"column":47}},"type":"if","locations":[{"start":{"line":84,"column":4},"end":{"line":84,"column":47}},{"start":{"line":84,"column":4},"end":{"line":84,"column":47}}],"line":84},"24":{"loc":{"start":{"line":84,"column":8},"end":{"line":84,"column":37}},"type":"binary-expr","locations":[{"start":{"line":84,"column":8},"end":{"line":84,"column":23}},{"start":{"line":84,"column":27},"end":{"line":84,"column":37}}],"line":84},"25":{"loc":{"start":{"line":89,"column":43},"end":{"line":89,"column":53}},"type":"default-arg","locations":[{"start":{"line":89,"column":52},"end":{"line":89,"column":53}}],"line":89},"26":{"loc":{"start":{"line":89,"column":55},"end":{"line":89,"column":75}},"type":"default-arg","locations":[{"start":{"line":89,"column":71},"end":{"line":89,"column":75}}],"line":89},"27":{"loc":{"start":{"line":98,"column":4},"end":{"line":123,"column":5}},"type":"if","locations":[{"start":{"line":98,"column":4},"end":{"line":123,"column":5}},{"start":{"line":98,"column":4},"end":{"line":123,"column":5}}],"line":98},"28":{"loc":{"start":{"line":99,"column":25},"end":{"line":99,"column":54}},"type":"cond-expr","locations":[{"start":{"line":99,"column":43},"end":{"line":99,"column":46}},{"start":{"line":99,"column":49},"end":{"line":99,"column":54}}],"line":99},"29":{"loc":{"start":{"line":100,"column":11},"end":{"line":123,"column":5}},"type":"if","locations":[{"start":{"line":100,"column":11},"end":{"line":123,"column":5}},{"start":{"line":100,"column":11},"end":{"line":123,"column":5}}],"line":100},"30":{"loc":{"start":{"line":100,"column":15},"end":{"line":100,"column":46}},"type":"binary-expr","locations":[{"start":{"line":100,"column":15},"end":{"line":100,"column":29}},{"start":{"line":100,"column":33},"end":{"line":100,"column":46}}],"line":100},"31":{"loc":{"start":{"line":102,"column":11},"end":{"line":123,"column":5}},"type":"if","locations":[{"start":{"line":102,"column":11},"end":{"line":123,"column":5}},{"start":{"line":102,"column":11},"end":{"line":123,"column":5}}],"line":102},"32":{"loc":{"start":{"line":104,"column":11},"end":{"line":123,"column":5}},"type":"if","locations":[{"start":{"line":104,"column":11},"end":{"line":123,"column":5}},{"start":{"line":104,"column":11},"end":{"line":123,"column":5}}],"line":104},"33":{"loc":{"start":{"line":106,"column":25},"end":{"line":106,"column":76}},"type":"binary-expr","locations":[{"start":{"line":106,"column":25},"end":{"line":106,"column":41}},{"start":{"line":106,"column":46},"end":{"line":106,"column":75}}],"line":106},"34":{"loc":{"start":{"line":106,"column":46},"end":{"line":106,"column":75}},"type":"cond-expr","locations":[{"start":{"line":106,"column":68},"end":{"line":106,"column":70}},{"start":{"line":106,"column":73},"end":{"line":106,"column":75}}],"line":106},"35":{"loc":{"start":{"line":108,"column":6},"end":{"line":122,"column":7}},"type":"if","locations":[{"start":{"line":108,"column":6},"end":{"line":122,"column":7}},{"start":{"line":108,"column":6},"end":{"line":122,"column":7}}],"line":108},"36":{"loc":{"start":{"line":111,"column":10},"end":{"line":117,"column":11}},"type":"if","locations":[{"start":{"line":111,"column":10},"end":{"line":117,"column":11}},{"start":{"line":111,"column":10},"end":{"line":117,"column":11}}],"line":111},"37":{"loc":{"start":{"line":113,"column":12},"end":{"line":113,"column":72}},"type":"if","locations":[{"start":{"line":113,"column":12},"end":{"line":113,"column":72}},{"start":{"line":113,"column":12},"end":{"line":113,"column":72}}],"line":113},"38":{"loc":{"start":{"line":113,"column":16},"end":{"line":113,"column":39}},"type":"binary-expr","locations":[{"start":{"line":113,"column":16},"end":{"line":113,"column":29}},{"start":{"line":113,"column":33},"end":{"line":113,"column":39}}],"line":113},"39":{"loc":{"start":{"line":115,"column":17},"end":{"line":117,"column":11}},"type":"if","locations":[{"start":{"line":115,"column":17},"end":{"line":117,"column":11}},{"start":{"line":115,"column":17},"end":{"line":117,"column":11}}],"line":115},"40":{"loc":{"start":{"line":126,"column":2},"end":{"line":132,"column":3}},"type":"if","locations":[{"start":{"line":126,"column":2},"end":{"line":132,"column":3}},{"start":{"line":126,"column":2},"end":{"line":132,"column":3}}],"line":126}},"s":{"0":1,"1":1,"2":1,"3":1,"4":4,"5":4,"6":4,"7":4,"8":4,"9":4,"10":0,"11":4,"12":4,"13":4,"14":3,"15":3,"16":3,"17":3,"18":5,"19":5,"20":2,"21":3,"22":0,"23":1,"24":0,"25":0,"26":0,"27":1,"28":9,"29":1,"30":3,"31":3,"32":3,"33":7,"34":0,"35":0,"36":7,"37":7,"38":3,"39":7,"40":3,"41":4,"42":0,"43":1,"44":17,"45":17,"46":17,"47":51,"48":51,"49":5,"50":12,"51":1,"52":29,"53":1041,"54":1041,"55":1041,"56":1027,"57":14,"58":1,"59":13,"60":0,"61":13,"62":13,"63":13,"64":7,"65":14,"66":14,"67":0,"68":0,"69":0,"70":14,"71":11,"72":14,"73":6,"74":29,"75":24,"76":29},"f":{"0":1,"1":4,"2":3,"3":1,"4":9,"5":3,"6":17,"7":29},"b":{"0":[1],"1":[4],"2":[4],"3":[0,4],"4":[4,0],"5":[0,4],"6":[4,4],"7":[4,0],"8":[4,4],"9":[3,0],"10":[2,3],"11":[5,3],"12":[0,3],"13":[0,0],"14":[0,0],"15":[0],"16":[1],"17":[9],"18":[0,7],"19":[7,1],"20":[3,4],"21":[2,1],"22":[3,4],"23":[5,46],"24":[51,46],"25":[5],"26":[5],"27":[1027,14],"28":[0,1027],"29":[1,13],"30":[14,1],"31":[0,13],"32":[13,0],"33":[13,8],"34":[1,7],"35":[7,6],"36":[0,14],"37":[0,0],"38":[0,0],"39":[11,3],"40":[24,5]},"_coverageSchema":"43e27e138ebf9cfc5966b082cf9a028302ed4184","hash":"8eca585c1772c272d3b97f85658da69e3d14dc54"}
,"C:\\Users\\Administrator\\Documents\\github\\tqsdk-js\\src\\datastructure.js": {"path":"C:\\Users\\Administrator\\Documents\\github\\tqsdk-js\\src\\datastructure.js","statementMap":{"0":{"start":{"line":4,"column":4},"end":{"line":4,"column":27}},"1":{"start":{"line":5,"column":4},"end":{"line":5,"column":22}},"2":{"start":{"line":6,"column":4},"end":{"line":6,"column":26}},"3":{"start":{"line":7,"column":4},"end":{"line":7,"column":25}},"4":{"start":{"line":8,"column":4},"end":{"line":8,"column":26}},"5":{"start":{"line":9,"column":4},"end":{"line":9,"column":25}},"6":{"start":{"line":10,"column":4},"end":{"line":10,"column":26}},"7":{"start":{"line":11,"column":4},"end":{"line":11,"column":22}},"8":{"start":{"line":12,"column":4},"end":{"line":12,"column":21}},"9":{"start":{"line":13,"column":4},"end":{"line":13,"column":19}},"10":{"start":{"line":14,"column":4},"end":{"line":14,"column":20}},"11":{"start":{"line":15,"column":4},"end":{"line":15,"column":22}},"12":{"start":{"line":16,"column":4},"end":{"line":16,"column":21}},"13":{"start":{"line":17,"column":4},"end":{"line":17,"column":21}},"14":{"start":{"line":18,"column":4},"end":{"line":18,"column":28}},"15":{"start":{"line":19,"column":4},"end":{"line":19,"column":26}},"16":{"start":{"line":20,"column":4},"end":{"line":20,"column":26}},"17":{"start":{"line":21,"column":4},"end":{"line":21,"column":25}},"18":{"start":{"line":22,"column":4},"end":{"line":22,"column":21}},"19":{"start":{"line":23,"column":4},"end":{"line":23,"column":29}},"20":{"start":{"line":24,"column":4},"end":{"line":24,"column":27}},"21":{"start":{"line":25,"column":4},"end":{"line":25,"column":32}},"22":{"start":{"line":26,"column":4},"end":{"line":26,"column":24}},"23":{"start":{"line":27,"column":4},"end":{"line":27,"column":25}},"24":{"start":{"line":28,"column":4},"end":{"line":28,"column":30}},"25":{"start":{"line":29,"column":4},"end":{"line":29,"column":21}},"26":{"start":{"line":30,"column":4},"end":{"line":30,"column":25}},"27":{"start":{"line":57,"column":4},"end":{"line":57,"column":24}},"28":{"start":{"line":58,"column":4},"end":{"line":58,"column":20}},"29":{"start":{"line":62,"column":4},"end":{"line":62,"column":27}},"30":{"start":{"line":66,"column":4},"end":{"line":66,"column":28}},"31":{"start":{"line":67,"column":4},"end":{"line":67,"column":20}},"32":{"start":{"line":71,"column":4},"end":{"line":71,"column":31}},"33":{"start":{"line":75,"column":4},"end":{"line":78,"column":5}},"34":{"start":{"line":76,"column":6},"end":{"line":76,"column":59}},"35":{"start":{"line":77,"column":6},"end":{"line":77,"column":68}},"36":{"start":{"line":84,"column":4},"end":{"line":84,"column":21}},"37":{"start":{"line":85,"column":4},"end":{"line":85,"column":19}},"38":{"start":{"line":86,"column":4},"end":{"line":86,"column":20}},"39":{"start":{"line":87,"column":4},"end":{"line":87,"column":19}},"40":{"start":{"line":88,"column":4},"end":{"line":88,"column":18}},"41":{"start":{"line":89,"column":4},"end":{"line":89,"column":20}},"42":{"start":{"line":90,"column":4},"end":{"line":90,"column":21}},"43":{"start":{"line":91,"column":4},"end":{"line":91,"column":19}},"44":{"start":{"line":97,"column":4},"end":{"line":97,"column":21}},"45":{"start":{"line":98,"column":4},"end":{"line":98,"column":25}},"46":{"start":{"line":99,"column":4},"end":{"line":99,"column":22}},"47":{"start":{"line":100,"column":4},"end":{"line":100,"column":22}},"48":{"start":{"line":101,"column":4},"end":{"line":101,"column":21}},"49":{"start":{"line":102,"column":4},"end":{"line":102,"column":25}},"50":{"start":{"line":103,"column":4},"end":{"line":103,"column":24}},"51":{"start":{"line":104,"column":4},"end":{"line":104,"column":25}},"52":{"start":{"line":105,"column":4},"end":{"line":105,"column":24}},"53":{"start":{"line":106,"column":4},"end":{"line":106,"column":19}},"54":{"start":{"line":107,"column":4},"end":{"line":107,"column":21}},"55":{"start":{"line":108,"column":4},"end":{"line":108,"column":28}}},"fnMap":{"0":{"name":"(anonymous_0)","decl":{"start":{"line":3,"column":2},"end":{"line":3,"column":3}},"loc":{"start":{"line":3,"column":17},"end":{"line":54,"column":3}},"line":3},"1":{"name":"(anonymous_1)","decl":{"start":{"line":56,"column":2},"end":{"line":56,"column":3}},"loc":{"start":{"line":56,"column":21},"end":{"line":59,"column":3}},"line":56},"2":{"name":"(anonymous_2)","decl":{"start":{"line":61,"column":2},"end":{"line":61,"column":3}},"loc":{"start":{"line":61,"column":20},"end":{"line":63,"column":3}},"line":61},"3":{"name":"(anonymous_3)","decl":{"start":{"line":65,"column":2},"end":{"line":65,"column":3}},"loc":{"start":{"line":65,"column":25},"end":{"line":68,"column":3}},"line":65},"4":{"name":"(anonymous_4)","decl":{"start":{"line":70,"column":2},"end":{"line":70,"column":3}},"loc":{"start":{"line":70,"column":24},"end":{"line":72,"column":3}},"line":70},"5":{"name":"(anonymous_5)","decl":{"start":{"line":74,"column":2},"end":{"line":74,"column":3}},"loc":{"start":{"line":74,"column":15},"end":{"line":79,"column":3}},"line":74},"6":{"name":"(anonymous_6)","decl":{"start":{"line":83,"column":2},"end":{"line":83,"column":3}},"loc":{"start":{"line":83,"column":17},"end":{"line":92,"column":3}},"line":83},"7":{"name":"(anonymous_7)","decl":{"start":{"line":96,"column":2},"end":{"line":96,"column":3}},"loc":{"start":{"line":96,"column":17},"end":{"line":109,"column":3}},"line":96}},"branchMap":{"0":{"loc":{"start":{"line":75,"column":4},"end":{"line":78,"column":5}},"type":"if","locations":[{"start":{"line":75,"column":4},"end":{"line":78,"column":5}},{"start":{"line":75,"column":4},"end":{"line":78,"column":5}}],"line":75},"1":{"loc":{"start":{"line":75,"column":8},"end":{"line":75,"column":112}},"type":"binary-expr","locations":[{"start":{"line":75,"column":8},"end":{"line":75,"column":41}},{"start":{"line":75,"column":45},"end":{"line":75,"column":82}},{"start":{"line":75,"column":86},"end":{"line":75,"column":112}}],"line":75}},"s":{"0":11,"1":11,"2":11,"3":11,"4":11,"5":11,"6":11,"7":11,"8":11,"9":11,"10":11,"11":11,"12":11,"13":11,"14":11,"15":11,"16":11,"17":11,"18":11,"19":11,"20":11,"21":11,"22":11,"23":11,"24":11,"25":11,"26":11,"27":14,"28":14,"29":5,"30":0,"31":0,"32":0,"33":14,"34":0,"35":0,"36":0,"37":0,"38":0,"39":0,"40":0,"41":0,"42":0,"43":0,"44":0,"45":0,"46":0,"47":0,"48":0,"49":0,"50":0,"51":0,"52":0,"53":0,"54":0,"55":0},"f":{"0":11,"1":14,"2":5,"3":0,"4":0,"5":14,"6":0,"7":0},"b":{"0":[0,14],"1":[14,14,0]},"_coverageSchema":"43e27e138ebf9cfc5966b082cf9a028302ed4184","hash":"fd8d7b30fda037d4509337ff43de7adf8f25e5e7"}
,"C:\\Users\\Administrator\\Documents\\github\\tqsdk-js\\src\\utils.js": {"path":"C:\\Users\\Administrator\\Documents\\github\\tqsdk-js\\src\\utils.js","statementMap":{"0":{"start":{"line":1,"column":24},"end":{"line":4,"column":1}},"1":{"start":{"line":2,"column":2},"end":{"line":2,"column":58}},"2":{"start":{"line":2,"column":28},"end":{"line":2,"column":58}},"3":{"start":{"line":3,"column":2},"end":{"line":3,"column":35}},"4":{"start":{"line":3,"column":26},"end":{"line":3,"column":34}},"5":{"start":{"line":6,"column":22},"end":{"line":8,"column":1}},"6":{"start":{"line":7,"column":2},"end":{"line":7,"column":75}},"7":{"start":{"line":10,"column":18},"end":{"line":15,"column":1}},"8":{"start":{"line":11,"column":17},"end":{"line":11,"column":91}},"9":{"start":{"line":12,"column":10},"end":{"line":12,"column":12}},"10":{"start":{"line":13,"column":2},"end":{"line":13,"column":71}},"11":{"start":{"line":13,"column":15},"end":{"line":13,"column":16}},"12":{"start":{"line":13,"column":32},"end":{"line":13,"column":71}},"13":{"start":{"line":14,"column":2},"end":{"line":14,"column":10}},"14":{"start":{"line":19,"column":15},"end":{"line":19,"column":17}},"15":{"start":{"line":20,"column":16},"end":{"line":20,"column":30}},"16":{"start":{"line":21,"column":2},"end":{"line":23,"column":3}},"17":{"start":{"line":21,"column":15},"end":{"line":21,"column":16}},"18":{"start":{"line":22,"column":4},"end":{"line":22,"column":30}},"19":{"start":{"line":24,"column":2},"end":{"line":24,"column":13}},"20":{"start":{"line":29,"column":15},"end":{"line":29,"column":17}},"21":{"start":{"line":30,"column":2},"end":{"line":32,"column":3}},"22":{"start":{"line":30,"column":15},"end":{"line":30,"column":16}},"23":{"start":{"line":31,"column":4},"end":{"line":31,"column":29}},"24":{"start":{"line":33,"column":2},"end":{"line":33,"column":13}},"25":{"start":{"line":38,"column":17},"end":{"line":43,"column":3}},"26":{"start":{"line":44,"column":2},"end":{"line":66,"column":3}},"27":{"start":{"line":46,"column":6},"end":{"line":50,"column":7}},"28":{"start":{"line":47,"column":8},"end":{"line":47,"column":33}},"29":{"start":{"line":49,"column":8},"end":{"line":49,"column":40}},"30":{"start":{"line":51,"column":6},"end":{"line":51,"column":11}},"31":{"start":{"line":53,"column":6},"end":{"line":58,"column":7}},"32":{"start":{"line":54,"column":8},"end":{"line":54,"column":33}},"33":{"start":{"line":56,"column":8},"end":{"line":56,"column":27}},"34":{"start":{"line":57,"column":8},"end":{"line":57,"column":62}},"35":{"start":{"line":59,"column":6},"end":{"line":59,"column":11}},"36":{"start":{"line":61,"column":6},"end":{"line":64,"column":7}},"37":{"start":{"line":62,"column":8},"end":{"line":62,"column":25}},"38":{"start":{"line":63,"column":8},"end":{"line":63,"column":32}},"39":{"start":{"line":65,"column":6},"end":{"line":65,"column":11}},"40":{"start":{"line":67,"column":2},"end":{"line":67,"column":15}},"41":{"start":{"line":70,"column":31},"end":{"line":138,"column":1}},"42":{"start":{"line":71,"column":2},"end":{"line":71,"column":28}},"43":{"start":{"line":71,"column":18},"end":{"line":71,"column":28}},"44":{"start":{"line":72,"column":16},"end":{"line":72,"column":31}},"45":{"start":{"line":73,"column":14},"end":{"line":73,"column":16}},"46":{"start":{"line":74,"column":20},"end":{"line":74,"column":22}},"47":{"start":{"line":75,"column":19},"end":{"line":75,"column":21}},"48":{"start":{"line":78,"column":28},"end":{"line":84,"column":3}},"49":{"start":{"line":86,"column":17},"end":{"line":86,"column":19}},"50":{"start":{"line":87,"column":17},"end":{"line":87,"column":19}},"51":{"start":{"line":88,"column":17},"end":{"line":88,"column":32}},"52":{"start":{"line":90,"column":2},"end":{"line":94,"column":4}},"53":{"start":{"line":91,"column":4},"end":{"line":91,"column":24}},"54":{"start":{"line":92,"column":4},"end":{"line":92,"column":24}},"55":{"start":{"line":93,"column":4},"end":{"line":93,"column":24}},"56":{"start":{"line":96,"column":2},"end":{"line":136,"column":3}},"57":{"start":{"line":96,"column":15},"end":{"line":96,"column":16}},"58":{"start":{"line":97,"column":17},"end":{"line":97,"column":32}},"59":{"start":{"line":98,"column":4},"end":{"line":107,"column":5}},"60":{"start":{"line":99,"column":6},"end":{"line":99,"column":19}},"61":{"start":{"line":100,"column":6},"end":{"line":100,"column":9}},"62":{"start":{"line":101,"column":6},"end":{"line":101,"column":14}},"63":{"start":{"line":102,"column":11},"end":{"line":107,"column":5}},"64":{"start":{"line":103,"column":6},"end":{"line":103,"column":42}},"65":{"start":{"line":104,"column":6},"end":{"line":104,"column":23}},"66":{"start":{"line":105,"column":6},"end":{"line":105,"column":9}},"67":{"start":{"line":106,"column":6},"end":{"line":106,"column":14}},"68":{"start":{"line":109,"column":4},"end":{"line":135,"column":5}},"69":{"start":{"line":110,"column":6},"end":{"line":122,"column":7}},"70":{"start":{"line":111,"column":8},"end":{"line":111,"column":18}},"71":{"start":{"line":112,"column":8},"end":{"line":112,"column":16}},"72":{"start":{"line":115,"column":26},"end":{"line":115,"column":92}},"73":{"start":{"line":117,"column":26},"end":{"line":117,"column":72}},"74":{"start":{"line":118,"column":27},"end":{"line":118,"column":57}},"75":{"start":{"line":119,"column":8},"end":{"line":121,"column":9}},"76":{"start":{"line":119,"column":21},"end":{"line":119,"column":22}},"77":{"start":{"line":120,"column":10},"end":{"line":120,"column":71}},"78":{"start":{"line":123,"column":11},"end":{"line":135,"column":5}},"79":{"start":{"line":124,"column":6},"end":{"line":134,"column":7}},"80":{"start":{"line":125,"column":8},"end":{"line":125,"column":18}},"81":{"start":{"line":126,"column":8},"end":{"line":126,"column":16}},"82":{"start":{"line":128,"column":25},"end":{"line":128,"column":73}},"83":{"start":{"line":129,"column":8},"end":{"line":129,"column":30}},"84":{"start":{"line":130,"column":8},"end":{"line":130,"column":43}},"85":{"start":{"line":131,"column":8},"end":{"line":133,"column":9}},"86":{"start":{"line":132,"column":10},"end":{"line":132,"column":42}},"87":{"start":{"line":137,"column":2},"end":{"line":137,"column":15}}},"fnMap":{"0":{"name":"(anonymous_0)","decl":{"start":{"line":1,"column":24},"end":{"line":1,"column":25}},"loc":{"start":{"line":1,"column":53},"end":{"line":4,"column":1}},"line":1},"1":{"name":"(anonymous_1)","decl":{"start":{"line":3,"column":21},"end":{"line":3,"column":22}},"loc":{"start":{"line":3,"column":26},"end":{"line":3,"column":34}},"line":3},"2":{"name":"(anonymous_2)","decl":{"start":{"line":6,"column":22},"end":{"line":6,"column":23}},"loc":{"start":{"line":6,"column":31},"end":{"line":8,"column":1}},"line":6},"3":{"name":"(anonymous_3)","decl":{"start":{"line":10,"column":18},"end":{"line":10,"column":19}},"loc":{"start":{"line":10,"column":31},"end":{"line":15,"column":1}},"line":10},"4":{"name":"_genList","decl":{"start":{"line":17,"column":9},"end":{"line":17,"column":17}},"loc":{"start":{"line":17,"column":24},"end":{"line":25,"column":1}},"line":17},"5":{"name":"_genItem","decl":{"start":{"line":27,"column":9},"end":{"line":27,"column":17}},"loc":{"start":{"line":27,"column":33},"end":{"line":34,"column":1}},"line":27},"6":{"name":"_genTableRow","decl":{"start":{"line":36,"column":9},"end":{"line":36,"column":21}},"loc":{"start":{"line":36,"column":59},"end":{"line":68,"column":1}},"line":36},"7":{"name":"(anonymous_7)","decl":{"start":{"line":70,"column":31},"end":{"line":70,"column":32}},"loc":{"start":{"line":70,"column":45},"end":{"line":138,"column":1}},"line":70},"8":{"name":"(anonymous_8)","decl":{"start":{"line":90,"column":44},"end":{"line":90,"column":45}},"loc":{"start":{"line":90,"column":60},"end":{"line":94,"column":3}},"line":90}},"branchMap":{"0":{"loc":{"start":{"line":1,"column":31},"end":{"line":1,"column":48}},"type":"default-arg","locations":[{"start":{"line":1,"column":45},"end":{"line":1,"column":48}}],"line":1},"1":{"loc":{"start":{"line":2,"column":2},"end":{"line":2,"column":58}},"type":"if","locations":[{"start":{"line":2,"column":2},"end":{"line":2,"column":58}},{"start":{"line":2,"column":2},"end":{"line":2,"column":58}}],"line":2},"2":{"loc":{"start":{"line":7,"column":9},"end":{"line":7,"column":75}},"type":"binary-expr","locations":[{"start":{"line":7,"column":9},"end":{"line":7,"column":12}},{"start":{"line":7,"column":16},"end":{"line":7,"column":42}},{"start":{"line":7,"column":46},"end":{"line":7,"column":75}}],"line":7},"3":{"loc":{"start":{"line":10,"column":19},"end":{"line":10,"column":26}},"type":"default-arg","locations":[{"start":{"line":10,"column":25},"end":{"line":10,"column":26}}],"line":10},"4":{"loc":{"start":{"line":44,"column":2},"end":{"line":66,"column":3}},"type":"switch","locations":[{"start":{"line":45,"column":4},"end":{"line":51,"column":11}},{"start":{"line":52,"column":4},"end":{"line":59,"column":11}},{"start":{"line":60,"column":4},"end":{"line":65,"column":11}}],"line":44},"5":{"loc":{"start":{"line":46,"column":6},"end":{"line":50,"column":7}},"type":"if","locations":[{"start":{"line":46,"column":6},"end":{"line":50,"column":7}},{"start":{"line":46,"column":6},"end":{"line":50,"column":7}}],"line":46},"6":{"loc":{"start":{"line":53,"column":6},"end":{"line":58,"column":7}},"type":"if","locations":[{"start":{"line":53,"column":6},"end":{"line":58,"column":7}},{"start":{"line":53,"column":6},"end":{"line":58,"column":7}}],"line":53},"7":{"loc":{"start":{"line":61,"column":6},"end":{"line":64,"column":7}},"type":"if","locations":[{"start":{"line":61,"column":6},"end":{"line":64,"column":7}},{"start":{"line":61,"column":6},"end":{"line":64,"column":7}}],"line":61},"8":{"loc":{"start":{"line":70,"column":32},"end":{"line":70,"column":40}},"type":"default-arg","locations":[{"start":{"line":70,"column":38},"end":{"line":70,"column":40}}],"line":70},"9":{"loc":{"start":{"line":71,"column":2},"end":{"line":71,"column":28}},"type":"if","locations":[{"start":{"line":71,"column":2},"end":{"line":71,"column":28}},{"start":{"line":71,"column":2},"end":{"line":71,"column":28}}],"line":71},"10":{"loc":{"start":{"line":98,"column":4},"end":{"line":107,"column":5}},"type":"if","locations":[{"start":{"line":98,"column":4},"end":{"line":107,"column":5}},{"start":{"line":98,"column":4},"end":{"line":107,"column":5}}],"line":98},"11":{"loc":{"start":{"line":102,"column":11},"end":{"line":107,"column":5}},"type":"if","locations":[{"start":{"line":102,"column":11},"end":{"line":107,"column":5}},{"start":{"line":102,"column":11},"end":{"line":107,"column":5}}],"line":102},"12":{"loc":{"start":{"line":109,"column":4},"end":{"line":135,"column":5}},"type":"if","locations":[{"start":{"line":109,"column":4},"end":{"line":135,"column":5}},{"start":{"line":109,"column":4},"end":{"line":135,"column":5}}],"line":109},"13":{"loc":{"start":{"line":110,"column":6},"end":{"line":122,"column":7}},"type":"if","locations":[{"start":{"line":110,"column":6},"end":{"line":122,"column":7}},{"start":{"line":110,"column":6},"end":{"line":122,"column":7}}],"line":110},"14":{"loc":{"start":{"line":110,"column":10},"end":{"line":110,"column":59}},"type":"binary-expr","locations":[{"start":{"line":110,"column":10},"end":{"line":110,"column":27}},{"start":{"line":110,"column":31},"end":{"line":110,"column":59}}],"line":110},"15":{"loc":{"start":{"line":123,"column":11},"end":{"line":135,"column":5}},"type":"if","locations":[{"start":{"line":123,"column":11},"end":{"line":135,"column":5}},{"start":{"line":123,"column":11},"end":{"line":135,"column":5}}],"line":123},"16":{"loc":{"start":{"line":124,"column":6},"end":{"line":134,"column":7}},"type":"if","locations":[{"start":{"line":124,"column":6},"end":{"line":134,"column":7}},{"start":{"line":124,"column":6},"end":{"line":134,"column":7}}],"line":124},"17":{"loc":{"start":{"line":131,"column":8},"end":{"line":133,"column":9}},"type":"if","locations":[{"start":{"line":131,"column":8},"end":{"line":133,"column":9}},{"start":{"line":131,"column":8},"end":{"line":133,"column":9}}],"line":131}},"s":{"0":2,"1":3,"2":2,"3":3,"4":8,"5":2,"6":12,"7":2,"8":3,"9":3,"10":3,"11":3,"12":30,"13":3,"14":0,"15":0,"16":0,"17":0,"18":0,"19":0,"20":0,"21":0,"22":0,"23":0,"24":0,"25":0,"26":0,"27":0,"28":0,"29":0,"30":0,"31":0,"32":0,"33":0,"34":0,"35":0,"36":0,"37":0,"38":0,"39":0,"40":0,"41":2,"42":0,"43":0,"44":0,"45":0,"46":0,"47":0,"48":0,"49":0,"50":0,"51":0,"52":0,"53":0,"54":0,"55":0,"56":0,"57":0,"58":0,"59":0,"60":0,"61":0,"62":0,"63":0,"64":0,"65":0,"66":0,"67":0,"68":0,"69":0,"70":0,"71":0,"72":0,"73":0,"74":0,"75":0,"76":0,"77":0,"78":0,"79":0,"80":0,"81":0,"82":0,"83":0,"84":0,"85":0,"86":0,"87":0},"f":{"0":3,"1":8,"2":12,"3":3,"4":0,"5":0,"6":0,"7":0,"8":0},"b":{"0":[2],"1":[2,1],"2":[12,9,6],"3":[1],"4":[0,0,0],"5":[0,0],"6":[0,0],"7":[0,0],"8":[0],"9":[0,0],"10":[0,0],"11":[0,0],"12":[0,0],"13":[0,0],"14":[0,0],"15":[0,0],"16":[0,0],"17":[0,0]},"_coverageSchema":"43e27e138ebf9cfc5966b082cf9a028302ed4184","hash":"c85333d528cc8bec3bea5b9d5c72d854e3638dc3"}
}
