{"C:\\Users\\Administrator\\Documents\\github\\tqsdk-js\\src\\utils.js": {"path":"C:\\Users\\Administrator\\Documents\\github\\tqsdk-js\\src\\utils.js","statementMap":{"0":{"start":{"line":1,"column":24},"end":{"line":4,"column":1}},"1":{"start":{"line":2,"column":2},"end":{"line":2,"column":58}},"2":{"start":{"line":2,"column":28},"end":{"line":2,"column":58}},"3":{"start":{"line":3,"column":2},"end":{"line":3,"column":35}},"4":{"start":{"line":3,"column":26},"end":{"line":3,"column":34}},"5":{"start":{"line":6,"column":22},"end":{"line":8,"column":1}},"6":{"start":{"line":7,"column":2},"end":{"line":7,"column":75}},"7":{"start":{"line":10,"column":18},"end":{"line":15,"column":1}},"8":{"start":{"line":11,"column":17},"end":{"line":11,"column":91}},"9":{"start":{"line":12,"column":10},"end":{"line":12,"column":12}},"10":{"start":{"line":13,"column":2},"end":{"line":13,"column":71}},"11":{"start":{"line":13,"column":15},"end":{"line":13,"column":16}},"12":{"start":{"line":13,"column":32},"end":{"line":13,"column":71}},"13":{"start":{"line":14,"column":2},"end":{"line":14,"column":10}},"14":{"start":{"line":19,"column":15},"end":{"line":19,"column":17}},"15":{"start":{"line":20,"column":16},"end":{"line":20,"column":30}},"16":{"start":{"line":21,"column":2},"end":{"line":23,"column":3}},"17":{"start":{"line":21,"column":15},"end":{"line":21,"column":16}},"18":{"start":{"line":22,"column":4},"end":{"line":22,"column":30}},"19":{"start":{"line":24,"column":2},"end":{"line":24,"column":13}},"20":{"start":{"line":29,"column":15},"end":{"line":29,"column":17}},"21":{"start":{"line":30,"column":2},"end":{"line":32,"column":3}},"22":{"start":{"line":30,"column":15},"end":{"line":30,"column":16}},"23":{"start":{"line":31,"column":4},"end":{"line":31,"column":29}},"24":{"start":{"line":33,"column":2},"end":{"line":33,"column":13}},"25":{"start":{"line":38,"column":17},"end":{"line":43,"column":3}},"26":{"start":{"line":44,"column":2},"end":{"line":66,"column":3}},"27":{"start":{"line":46,"column":6},"end":{"line":50,"column":7}},"28":{"start":{"line":47,"column":8},"end":{"line":47,"column":33}},"29":{"start":{"line":49,"column":8},"end":{"line":49,"column":40}},"30":{"start":{"line":51,"column":6},"end":{"line":51,"column":11}},"31":{"start":{"line":53,"column":6},"end":{"line":58,"column":7}},"32":{"start":{"line":54,"column":8},"end":{"line":54,"column":33}},"33":{"start":{"line":56,"column":8},"end":{"line":56,"column":27}},"34":{"start":{"line":57,"column":8},"end":{"line":57,"column":62}},"35":{"start":{"line":59,"column":6},"end":{"line":59,"column":11}},"36":{"start":{"line":61,"column":6},"end":{"line":64,"column":7}},"37":{"start":{"line":62,"column":8},"end":{"line":62,"column":25}},"38":{"start":{"line":63,"column":8},"end":{"line":63,"column":32}},"39":{"start":{"line":65,"column":6},"end":{"line":65,"column":11}},"40":{"start":{"line":67,"column":2},"end":{"line":67,"column":15}},"41":{"start":{"line":70,"column":31},"end":{"line":138,"column":1}},"42":{"start":{"line":71,"column":2},"end":{"line":71,"column":28}},"43":{"start":{"line":71,"column":18},"end":{"line":71,"column":28}},"44":{"start":{"line":72,"column":16},"end":{"line":72,"column":31}},"45":{"start":{"line":73,"column":14},"end":{"line":73,"column":16}},"46":{"start":{"line":74,"column":20},"end":{"line":74,"column":22}},"47":{"start":{"line":75,"column":19},"end":{"line":75,"column":21}},"48":{"start":{"line":78,"column":28},"end":{"line":84,"column":3}},"49":{"start":{"line":86,"column":17},"end":{"line":86,"column":19}},"50":{"start":{"line":87,"column":17},"end":{"line":87,"column":19}},"51":{"start":{"line":88,"column":17},"end":{"line":88,"column":32}},"52":{"start":{"line":90,"column":2},"end":{"line":94,"column":4}},"53":{"start":{"line":91,"column":4},"end":{"line":91,"column":24}},"54":{"start":{"line":92,"column":4},"end":{"line":92,"column":24}},"55":{"start":{"line":93,"column":4},"end":{"line":93,"column":24}},"56":{"start":{"line":96,"column":2},"end":{"line":136,"column":3}},"57":{"start":{"line":96,"column":15},"end":{"line":96,"column":16}},"58":{"start":{"line":97,"column":17},"end":{"line":97,"column":32}},"59":{"start":{"line":98,"column":4},"end":{"line":107,"column":5}},"60":{"start":{"line":99,"column":6},"end":{"line":99,"column":19}},"61":{"start":{"line":100,"column":6},"end":{"line":100,"column":9}},"62":{"start":{"line":101,"column":6},"end":{"line":101,"column":14}},"63":{"start":{"line":102,"column":11},"end":{"line":107,"column":5}},"64":{"start":{"line":103,"column":6},"end":{"line":103,"column":42}},"65":{"start":{"line":104,"column":6},"end":{"line":104,"column":23}},"66":{"start":{"line":105,"column":6},"end":{"line":105,"column":9}},"67":{"start":{"line":106,"column":6},"end":{"line":106,"column":14}},"68":{"start":{"line":109,"column":4},"end":{"line":135,"column":5}},"69":{"start":{"line":110,"column":6},"end":{"line":122,"column":7}},"70":{"start":{"line":111,"column":8},"end":{"line":111,"column":18}},"71":{"start":{"line":112,"column":8},"end":{"line":112,"column":16}},"72":{"start":{"line":115,"column":26},"end":{"line":115,"column":92}},"73":{"start":{"line":117,"column":26},"end":{"line":117,"column":72}},"74":{"start":{"line":118,"column":27},"end":{"line":118,"column":57}},"75":{"start":{"line":119,"column":8},"end":{"line":121,"column":9}},"76":{"start":{"line":119,"column":21},"end":{"line":119,"column":22}},"77":{"start":{"line":120,"column":10},"end":{"line":120,"column":71}},"78":{"start":{"line":123,"column":11},"end":{"line":135,"column":5}},"79":{"start":{"line":124,"column":6},"end":{"line":134,"column":7}},"80":{"start":{"line":125,"column":8},"end":{"line":125,"column":18}},"81":{"start":{"line":126,"column":8},"end":{"line":126,"column":16}},"82":{"start":{"line":128,"column":25},"end":{"line":128,"column":73}},"83":{"start":{"line":129,"column":8},"end":{"line":129,"column":30}},"84":{"start":{"line":130,"column":8},"end":{"line":130,"column":43}},"85":{"start":{"line":131,"column":8},"end":{"line":133,"column":9}},"86":{"start":{"line":132,"column":10},"end":{"line":132,"column":42}},"87":{"start":{"line":137,"column":2},"end":{"line":137,"column":15}}},"fnMap":{"0":{"name":"(anonymous_0)","decl":{"start":{"line":1,"column":24},"end":{"line":1,"column":25}},"loc":{"start":{"line":1,"column":53},"end":{"line":4,"column":1}},"line":1},"1":{"name":"(anonymous_1)","decl":{"start":{"line":3,"column":21},"end":{"line":3,"column":22}},"loc":{"start":{"line":3,"column":26},"end":{"line":3,"column":34}},"line":3},"2":{"name":"(anonymous_2)","decl":{"start":{"line":6,"column":22},"end":{"line":6,"column":23}},"loc":{"start":{"line":6,"column":31},"end":{"line":8,"column":1}},"line":6},"3":{"name":"(anonymous_3)","decl":{"start":{"line":10,"column":18},"end":{"line":10,"column":19}},"loc":{"start":{"line":10,"column":31},"end":{"line":15,"column":1}},"line":10},"4":{"name":"_genList","decl":{"start":{"line":17,"column":9},"end":{"line":17,"column":17}},"loc":{"start":{"line":17,"column":24},"end":{"line":25,"column":1}},"line":17},"5":{"name":"_genItem","decl":{"start":{"line":27,"column":9},"end":{"line":27,"column":17}},"loc":{"start":{"line":27,"column":33},"end":{"line":34,"column":1}},"line":27},"6":{"name":"_genTableRow","decl":{"start":{"line":36,"column":9},"end":{"line":36,"column":21}},"loc":{"start":{"line":36,"column":59},"end":{"line":68,"column":1}},"line":36},"7":{"name":"(anonymous_7)","decl":{"start":{"line":70,"column":31},"end":{"line":70,"column":32}},"loc":{"start":{"line":70,"column":45},"end":{"line":138,"column":1}},"line":70},"8":{"name":"(anonymous_8)","decl":{"start":{"line":90,"column":44},"end":{"line":90,"column":45}},"loc":{"start":{"line":90,"column":60},"end":{"line":94,"column":3}},"line":90}},"branchMap":{"0":{"loc":{"start":{"line":1,"column":31},"end":{"line":1,"column":48}},"type":"default-arg","locations":[{"start":{"line":1,"column":45},"end":{"line":1,"column":48}}],"line":1},"1":{"loc":{"start":{"line":2,"column":2},"end":{"line":2,"column":58}},"type":"if","locations":[{"start":{"line":2,"column":2},"end":{"line":2,"column":58}},{"start":{"line":2,"column":2},"end":{"line":2,"column":58}}],"line":2},"2":{"loc":{"start":{"line":7,"column":9},"end":{"line":7,"column":75}},"type":"binary-expr","locations":[{"start":{"line":7,"column":9},"end":{"line":7,"column":12}},{"start":{"line":7,"column":16},"end":{"line":7,"column":42}},{"start":{"line":7,"column":46},"end":{"line":7,"column":75}}],"line":7},"3":{"loc":{"start":{"line":10,"column":19},"end":{"line":10,"column":26}},"type":"default-arg","locations":[{"start":{"line":10,"column":25},"end":{"line":10,"column":26}}],"line":10},"4":{"loc":{"start":{"line":44,"column":2},"end":{"line":66,"column":3}},"type":"switch","locations":[{"start":{"line":45,"column":4},"end":{"line":51,"column":11}},{"start":{"line":52,"column":4},"end":{"line":59,"column":11}},{"start":{"line":60,"column":4},"end":{"line":65,"column":11}}],"line":44},"5":{"loc":{"start":{"line":46,"column":6},"end":{"line":50,"column":7}},"type":"if","locations":[{"start":{"line":46,"column":6},"end":{"line":50,"column":7}},{"start":{"line":46,"column":6},"end":{"line":50,"column":7}}],"line":46},"6":{"loc":{"start":{"line":53,"column":6},"end":{"line":58,"column":7}},"type":"if","locations":[{"start":{"line":53,"column":6},"end":{"line":58,"column":7}},{"start":{"line":53,"column":6},"end":{"line":58,"column":7}}],"line":53},"7":{"loc":{"start":{"line":61,"column":6},"end":{"line":64,"column":7}},"type":"if","locations":[{"start":{"line":61,"column":6},"end":{"line":64,"column":7}},{"start":{"line":61,"column":6},"end":{"line":64,"column":7}}],"line":61},"8":{"loc":{"start":{"line":70,"column":32},"end":{"line":70,"column":40}},"type":"default-arg","locations":[{"start":{"line":70,"column":38},"end":{"line":70,"column":40}}],"line":70},"9":{"loc":{"start":{"line":71,"column":2},"end":{"line":71,"column":28}},"type":"if","locations":[{"start":{"line":71,"column":2},"end":{"line":71,"column":28}},{"start":{"line":71,"column":2},"end":{"line":71,"column":28}}],"line":71},"10":{"loc":{"start":{"line":98,"column":4},"end":{"line":107,"column":5}},"type":"if","locations":[{"start":{"line":98,"column":4},"end":{"line":107,"column":5}},{"start":{"line":98,"column":4},"end":{"line":107,"column":5}}],"line":98},"11":{"loc":{"start":{"line":102,"column":11},"end":{"line":107,"column":5}},"type":"if","locations":[{"start":{"line":102,"column":11},"end":{"line":107,"column":5}},{"start":{"line":102,"column":11},"end":{"line":107,"column":5}}],"line":102},"12":{"loc":{"start":{"line":109,"column":4},"end":{"line":135,"column":5}},"type":"if","locations":[{"start":{"line":109,"column":4},"end":{"line":135,"column":5}},{"start":{"line":109,"column":4},"end":{"line":135,"column":5}}],"line":109},"13":{"loc":{"start":{"line":110,"column":6},"end":{"line":122,"column":7}},"type":"if","locations":[{"start":{"line":110,"column":6},"end":{"line":122,"column":7}},{"start":{"line":110,"column":6},"end":{"line":122,"column":7}}],"line":110},"14":{"loc":{"start":{"line":110,"column":10},"end":{"line":110,"column":59}},"type":"binary-expr","locations":[{"start":{"line":110,"column":10},"end":{"line":110,"column":27}},{"start":{"line":110,"column":31},"end":{"line":110,"column":59}}],"line":110},"15":{"loc":{"start":{"line":123,"column":11},"end":{"line":135,"column":5}},"type":"if","locations":[{"start":{"line":123,"column":11},"end":{"line":135,"column":5}},{"start":{"line":123,"column":11},"end":{"line":135,"column":5}}],"line":123},"16":{"loc":{"start":{"line":124,"column":6},"end":{"line":134,"column":7}},"type":"if","locations":[{"start":{"line":124,"column":6},"end":{"line":134,"column":7}},{"start":{"line":124,"column":6},"end":{"line":134,"column":7}}],"line":124},"17":{"loc":{"start":{"line":131,"column":8},"end":{"line":133,"column":9}},"type":"if","locations":[{"start":{"line":131,"column":8},"end":{"line":133,"column":9}},{"start":{"line":131,"column":8},"end":{"line":133,"column":9}}],"line":131}},"s":{"0":1,"1":3,"2":2,"3":3,"4":8,"5":1,"6":8,"7":1,"8":3,"9":3,"10":3,"11":3,"12":30,"13":3,"14":0,"15":0,"16":0,"17":0,"18":0,"19":0,"20":0,"21":0,"22":0,"23":0,"24":0,"25":0,"26":0,"27":0,"28":0,"29":0,"30":0,"31":0,"32":0,"33":0,"34":0,"35":0,"36":0,"37":0,"38":0,"39":0,"40":0,"41":1,"42":0,"43":0,"44":0,"45":0,"46":0,"47":0,"48":0,"49":0,"50":0,"51":0,"52":0,"53":0,"54":0,"55":0,"56":0,"57":0,"58":0,"59":0,"60":0,"61":0,"62":0,"63":0,"64":0,"65":0,"66":0,"67":0,"68":0,"69":0,"70":0,"71":0,"72":0,"73":0,"74":0,"75":0,"76":0,"77":0,"78":0,"79":0,"80":0,"81":0,"82":0,"83":0,"84":0,"85":0,"86":0,"87":0},"f":{"0":3,"1":8,"2":8,"3":3,"4":0,"5":0,"6":0,"7":0,"8":0},"b":{"0":[2],"1":[2,1],"2":[8,5,2],"3":[1],"4":[0,0,0],"5":[0,0],"6":[0,0],"7":[0,0],"8":[0],"9":[0,0],"10":[0,0],"11":[0,0],"12":[0,0],"13":[0,0],"14":[0,0],"15":[0,0],"16":[0,0],"17":[0,0]},"_coverageSchema":"43e27e138ebf9cfc5966b082cf9a028302ed4184","hash":"c85333d528cc8bec3bea5b9d5c72d854e3638dc3"}
}
