TN:
SF:C:\Users\Administrator\Documents\github\tqsdk-js\src\datamanage.js
FN:7,(anonymous_0)
FN:14,(anonymous_1)
FN:35,(anonymous_2)
FN:51,(anonymous_3)
FN:55,(anonymous_4)
FN:60,(anonymous_5)
FN:80,(anonymous_6)
FN:89,(anonymous_7)
FNF:8
FNH:8
FNDA:1,(anonymous_0)
FNDA:4,(anonymous_1)
FNDA:3,(anonymous_2)
FNDA:1,(anonymous_3)
FNDA:9,(anonymous_4)
FNDA:3,(anonymous_5)
FNDA:17,(anonymous_6)
FNDA:29,(anonymous_7)
DA:8,1
DA:9,1
DA:10,1
DA:11,1
DA:15,4
DA:16,4
DA:18,4
DA:19,4
DA:21,4
DA:23,4
DA:24,4
DA:26,4
DA:27,4
DA:37,3
DA:38,3
DA:39,3
DA:40,5
DA:41,5
DA:42,3
DA:44,1
DA:45,0
DA:46,0
DA:48,0
DA:52,1
DA:56,9
DA:60,1
DA:61,3
DA:62,3
DA:63,7
DA:64,0
DA:65,0
DA:67,7
DA:68,7
DA:69,3
DA:71,7
DA:72,3
DA:74,4
DA:77,0
DA:80,1
DA:81,17
DA:82,17
DA:83,51
DA:84,51
DA:86,12
DA:89,1
DA:90,29
DA:91,1041
DA:92,1041
DA:98,1041
DA:99,1027
DA:100,14
DA:101,1
DA:102,13
DA:103,0
DA:104,13
DA:106,13
DA:108,13
DA:109,7
DA:110,14
DA:111,14
DA:113,0
DA:114,0
DA:115,14
DA:116,11
DA:118,14
DA:121,6
DA:126,29
DA:127,24
DA:133,29
LF:69
LH:60
BRDA:7,0,0,1
BRDA:14,1,0,4
BRDA:14,2,0,4
BRDA:15,3,0,0
BRDA:15,3,1,4
BRDA:16,4,0,4
BRDA:16,4,1,0
BRDA:23,5,0,0
BRDA:23,5,1,4
BRDA:23,6,0,4
BRDA:23,6,1,4
BRDA:26,7,0,4
BRDA:26,7,1,0
BRDA:26,8,0,4
BRDA:26,8,1,4
BRDA:37,9,0,3
BRDA:37,9,1,0
BRDA:41,10,0,2
BRDA:41,10,1,3
BRDA:41,11,0,5
BRDA:41,11,1,3
BRDA:42,12,0,0
BRDA:42,12,1,3
BRDA:45,13,0,0
BRDA:45,13,1,0
BRDA:45,14,0,0
BRDA:45,14,1,0
BRDA:51,15,0,0
BRDA:51,16,0,1
BRDA:55,17,0,9
BRDA:63,18,0,0
BRDA:63,18,1,7
BRDA:63,19,0,7
BRDA:63,19,1,1
BRDA:68,20,0,3
BRDA:68,20,1,4
BRDA:69,21,0,2
BRDA:69,21,1,1
BRDA:71,22,0,3
BRDA:71,22,1,4
BRDA:84,23,0,5
BRDA:84,23,1,46
BRDA:84,24,0,51
BRDA:84,24,1,46
BRDA:89,25,0,5
BRDA:89,26,0,5
BRDA:98,27,0,1027
BRDA:98,27,1,14
BRDA:99,28,0,0
BRDA:99,28,1,1027
BRDA:100,29,0,1
BRDA:100,29,1,13
BRDA:100,30,0,14
BRDA:100,30,1,1
BRDA:102,31,0,0
BRDA:102,31,1,13
BRDA:104,32,0,13
BRDA:104,32,1,0
BRDA:106,33,0,13
BRDA:106,33,1,8
BRDA:106,34,0,1
BRDA:106,34,1,7
BRDA:108,35,0,7
BRDA:108,35,1,6
BRDA:111,36,0,0
BRDA:111,36,1,14
BRDA:113,37,0,0
BRDA:113,37,1,0
BRDA:113,38,0,0
BRDA:113,38,1,0
BRDA:115,39,0,11
BRDA:115,39,1,3
BRDA:126,40,0,24
BRDA:126,40,1,5
BRF:74
BRH:54
end_of_record
TN:
SF:C:\Users\Administrator\Documents\github\tqsdk-js\src\datastructure.js
FN:3,(anonymous_0)
FN:56,(anonymous_1)
FN:61,(anonymous_2)
FN:65,(anonymous_3)
FN:70,(anonymous_4)
FN:74,(anonymous_5)
FN:83,(anonymous_6)
FN:96,(anonymous_7)
FNF:8
FNH:4
FNDA:11,(anonymous_0)
FNDA:14,(anonymous_1)
FNDA:5,(anonymous_2)
FNDA:0,(anonymous_3)
FNDA:0,(anonymous_4)
FNDA:14,(anonymous_5)
FNDA:0,(anonymous_6)
FNDA:0,(anonymous_7)
DA:4,11
DA:5,11
DA:6,11
DA:7,11
DA:8,11
DA:9,11
DA:10,11
DA:11,11
DA:12,11
DA:13,11
DA:14,11
DA:15,11
DA:16,11
DA:17,11
DA:18,11
DA:19,11
DA:20,11
DA:21,11
DA:22,11
DA:23,11
DA:24,11
DA:25,11
DA:26,11
DA:27,11
DA:28,11
DA:29,11
DA:30,11
DA:57,14
DA:58,14
DA:62,5
DA:66,0
DA:67,0
DA:71,0
DA:75,14
DA:76,0
DA:77,0
DA:84,0
DA:85,0
DA:86,0
DA:87,0
DA:88,0
DA:89,0
DA:90,0
DA:91,0
DA:97,0
DA:98,0
DA:99,0
DA:100,0
DA:101,0
DA:102,0
DA:103,0
DA:104,0
DA:105,0
DA:106,0
DA:107,0
DA:108,0
LF:56
LH:31
BRDA:75,0,0,0
BRDA:75,0,1,14
BRDA:75,1,0,14
BRDA:75,1,1,14
BRDA:75,1,2,0
BRF:5
BRH:3
end_of_record
TN:
SF:C:\Users\Administrator\Documents\github\tqsdk-js\src\utils.js
FN:1,(anonymous_0)
FN:3,(anonymous_1)
FN:6,(anonymous_2)
FN:10,(anonymous_3)
FN:17,_genList
FN:27,_genItem
FN:36,_genTableRow
FN:70,(anonymous_7)
FN:90,(anonymous_8)
FNF:9
FNH:4
FNDA:3,(anonymous_0)
FNDA:8,(anonymous_1)
FNDA:12,(anonymous_2)
FNDA:3,(anonymous_3)
FNDA:0,_genList
FNDA:0,_genItem
FNDA:0,_genTableRow
FNDA:0,(anonymous_7)
FNDA:0,(anonymous_8)
DA:1,2
DA:2,3
DA:3,8
DA:6,2
DA:7,12
DA:10,2
DA:11,3
DA:12,3
DA:13,30
DA:14,3
DA:19,0
DA:20,0
DA:21,0
DA:22,0
DA:24,0
DA:29,0
DA:30,0
DA:31,0
DA:33,0
DA:38,0
DA:44,0
DA:46,0
DA:47,0
DA:49,0
DA:51,0
DA:53,0
DA:54,0
DA:56,0
DA:57,0
DA:59,0
DA:61,0
DA:62,0
DA:63,0
DA:65,0
DA:67,0
DA:70,2
DA:71,0
DA:72,0
DA:73,0
DA:74,0
DA:75,0
DA:78,0
DA:86,0
DA:87,0
DA:88,0
DA:90,0
DA:91,0
DA:92,0
DA:93,0
DA:96,0
DA:97,0
DA:98,0
DA:99,0
DA:100,0
DA:101,0
DA:102,0
DA:103,0
DA:104,0
DA:105,0
DA:106,0
DA:109,0
DA:110,0
DA:111,0
DA:112,0
DA:115,0
DA:117,0
DA:118,0
DA:119,0
DA:120,0
DA:123,0
DA:124,0
DA:125,0
DA:126,0
DA:128,0
DA:129,0
DA:130,0
DA:131,0
DA:132,0
DA:137,0
LF:79
LH:11
BRDA:1,0,0,2
BRDA:2,1,0,2
BRDA:2,1,1,1
BRDA:7,2,0,12
BRDA:7,2,1,9
BRDA:7,2,2,6
BRDA:10,3,0,1
BRDA:44,4,0,0
BRDA:44,4,1,0
BRDA:44,4,2,0
BRDA:46,5,0,0
BRDA:46,5,1,0
BRDA:53,6,0,0
BRDA:53,6,1,0
BRDA:61,7,0,0
BRDA:61,7,1,0
BRDA:70,8,0,0
BRDA:71,9,0,0
BRDA:71,9,1,0
BRDA:98,10,0,0
BRDA:98,10,1,0
BRDA:102,11,0,0
BRDA:102,11,1,0
BRDA:109,12,0,0
BRDA:109,12,1,0
BRDA:110,13,0,0
BRDA:110,13,1,0
BRDA:110,14,0,0
BRDA:110,14,1,0
BRDA:123,15,0,0
BRDA:123,15,1,0
BRDA:124,16,0,0
BRDA:124,16,1,0
BRDA:131,17,0,0
BRDA:131,17,1,0
BRF:35
BRH:7
end_of_record
